Flow report for practica2
Thu Dec 13 21:52:41 2018
Quartus Prime Version 18.0.0 Build 614 04/24/2018 SJ Lite Edition


---------------------
; Table of Contents ;
---------------------
  1. Legal Notice
  2. Flow Summary
  3. Flow Settings
  4. Flow Non-Default Global Settings
  5. Flow Elapsed Time
  6. Flow OS Summary
  7. Flow Log
  8. Flow Messages
  9. Flow Suppressed Messages



----------------
; Legal Notice ;
----------------
Copyright (C) 2018  Intel Corporation. All rights reserved.
Your use of Intel Corporation's design tools, logic functions 
and other software and tools, and its AMPP partner logic 
functions, and any output files from any of the foregoing 
(including device programming or simulation files), and any 
associated documentation or information are expressly subject 
to the terms and conditions of the Intel Program License 
Subscription Agreement, the Intel Quartus Prime License Agreement,
the Intel FPGA IP License Agreement, or other applicable license
agreement, including, without limitation, that your use is for
the sole purpose of programming logic devices manufactured by
Intel and sold by Intel or its authorized distributors.  Please
refer to the applicable agreement for further details.



+----------------------------------------------------------------------------------+
; Flow Summary                                                                     ;
+------------------------------------+---------------------------------------------+
; Flow Status                        ; Successful - Thu Dec 13 21:52:41 2018       ;
; Quartus Prime Version              ; 18.0.0 Build 614 04/24/2018 SJ Lite Edition ;
; Revision Name                      ; practica2                                   ;
; Top-level Entity Name              ; practica_final                              ;
; Family                             ; Cyclone IV E                                ;
; Device                             ; EP4CE22F17C6                                ;
; Timing Models                      ; Final                                       ;
; Total logic elements               ; 8,119 / 22,320 ( 36 % )                     ;
;     Total combinational functions  ; 8,102 / 22,320 ( 36 % )                     ;
;     Dedicated logic registers      ; 4,260 / 22,320 ( 19 % )                     ;
; Total registers                    ; 4260                                        ;
; Total pins                         ; 33 / 154 ( 21 % )                           ;
; Total virtual pins                 ; 0                                           ;
; Total memory bits                  ; 0 / 608,256 ( 0 % )                         ;
; Embedded Multiplier 9-bit elements ; 0 / 132 ( 0 % )                             ;
; Total PLLs                         ; 0 / 4 ( 0 % )                               ;
+------------------------------------+---------------------------------------------+


+-----------------------------------------+
; Flow Settings                           ;
+-------------------+---------------------+
; Option            ; Setting             ;
+-------------------+---------------------+
; Start date & time ; 12/13/2018 21:50:14 ;
; Main task         ; Compilation         ;
; Revision Name     ; practica2           ;
+-------------------+---------------------+


+--------------------------------------------------------------------------------------------------------------------------------+
; Flow Non-Default Global Settings                                                                                               ;
+-------------------------------------+----------------------------------------+---------------+----------------+----------------+
; Assignment Name                     ; Value                                  ; Default Value ; Entity Name    ; Section Id     ;
+-------------------------------------+----------------------------------------+---------------+----------------+----------------+
; COMPILER_SIGNATURE_ID               ; 75006887554249.154475941222508         ; --            ; --             ; --             ;
; EDA_OUTPUT_DATA_FORMAT              ; Verilog Hdl                            ; --            ; --             ; eda_simulation ;
; EDA_SIMULATION_TOOL                 ; ModelSim-Altera (Verilog)              ; <None>        ; --             ; --             ;
; EDA_TIME_SCALE                      ; 1 ps                                   ; --            ; --             ; eda_simulation ;
; MAX_CORE_JUNCTION_TEMP              ; 85                                     ; --            ; --             ; --             ;
; MIN_CORE_JUNCTION_TEMP              ; 0                                      ; --            ; --             ; --             ;
; NOMINAL_CORE_SUPPLY_VOLTAGE         ; 1.2V                                   ; --            ; --             ; --             ;
; PARTITION_COLOR                     ; -- (Not supported for targeted family) ; --            ; practica_final ; Top            ;
; PARTITION_FITTER_PRESERVATION_LEVEL ; -- (Not supported for targeted family) ; --            ; practica_final ; Top            ;
; PARTITION_NETLIST_TYPE              ; -- (Not supported for targeted family) ; --            ; practica_final ; Top            ;
; POWER_BOARD_THERMAL_MODEL           ; None (CONSERVATIVE)                    ; --            ; --             ; --             ;
; POWER_PRESET_COOLING_SOLUTION       ; 23 MM HEAT SINK WITH 200 LFPM AIRFLOW  ; --            ; --             ; --             ;
; PROJECT_OUTPUT_DIRECTORY            ; output_files                           ; --            ; --             ; --             ;
; TOP_LEVEL_ENTITY                    ; practica_final                         ; practica2     ; --             ; --             ;
+-------------------------------------+----------------------------------------+---------------+----------------+----------------+


+--------------------------------------------------------------------------------------------------------------------------+
; Flow Elapsed Time                                                                                                        ;
+----------------------+--------------+-------------------------+---------------------+------------------------------------+
; Module Name          ; Elapsed Time ; Average Processors Used ; Peak Virtual Memory ; Total CPU Time (on all processors) ;
+----------------------+--------------+-------------------------+---------------------+------------------------------------+
; Analysis & Synthesis ; 00:00:53     ; 1.0                     ; 4875 MB             ; 00:01:05                           ;
; Fitter               ; 00:01:07     ; 1.1                     ; 5723 MB             ; 00:01:46                           ;
; Assembler            ; 00:00:02     ; 1.0                     ; 4717 MB             ; 00:00:02                           ;
; Timing Analyzer      ; 00:00:08     ; 1.6                     ; 4910 MB             ; 00:00:10                           ;
; EDA Netlist Writer   ; 00:00:10     ; 1.0                     ; 4729 MB             ; 00:00:10                           ;
; Total                ; 00:02:20     ; --                      ; --                  ; 00:03:13                           ;
+----------------------+--------------+-------------------------+---------------------+------------------------------------+


+------------------------------------------------------------------------------------+
; Flow OS Summary                                                                    ;
+----------------------+------------------+------------+------------+----------------+
; Module Name          ; Machine Hostname ; OS Name    ; OS Version ; Processor type ;
+----------------------+------------------+------------+------------+----------------+
; Analysis & Synthesis ; 112SALAS18       ; Windows 10 ; 10.0       ; x86_64         ;
; Fitter               ; 112SALAS18       ; Windows 10 ; 10.0       ; x86_64         ;
; Assembler            ; 112SALAS18       ; Windows 10 ; 10.0       ; x86_64         ;
; Timing Analyzer      ; 112SALAS18       ; Windows 10 ; 10.0       ; x86_64         ;
; EDA Netlist Writer   ; 112SALAS18       ; Windows 10 ; 10.0       ; x86_64         ;
+----------------------+------------------+------------+------------+----------------+


------------
; Flow Log ;
------------
quartus_map --read_settings_files=on --write_settings_files=off practica2 -c practica2
quartus_fit --read_settings_files=off --write_settings_files=off practica2 -c practica2
quartus_asm --read_settings_files=off --write_settings_files=off practica2 -c practica2
quartus_sta practica2 -c practica2
quartus_eda --read_settings_files=off --write_settings_files=off practica2 -c practica2



